<html>
<head>
<title>TestNG:  Test</title>
<link href="../testng.css" rel="stylesheet" type="text/css" />
<link href="../my-testng.css" rel="stylesheet" type="text/css" />

<style type="text/css">
.log { display: none;} 
.stack-trace { display: none;} 
</style>
<script type="text/javascript">
<!--
function flip(e) {
  current = e.style.display;
  if (current == 'block') {
    e.style.display = 'none';
    return 0;
  }
  else {
    e.style.display = 'block';
    return 1;
  }
}

function toggleBox(szDivId, elem, msg1, msg2)
{
  var res = -1;  if (document.getElementById) {
    res = flip(document.getElementById(szDivId));
  }
  else if (document.all) {
    // this is the way old msie versions work
    res = flip(document.all[szDivId]);
  }
  if(elem) {
    if(res == 0) elem.innerHTML = msg1; else elem.innerHTML = msg2;
  }

}

function toggleAllBoxes() {
  if (document.getElementsByTagName) {
    d = document.getElementsByTagName('div');
    for (i = 0; i < d.length; i++) {
      if (d[i].className == 'log') {
        flip(d[i]);
      }
    }
  }
}

// -->
</script>

</head>
<body>
<h2 align='center'>Test</h2><table border='1' align="center">
<tr>
<td>Tests passed/Failed/Skipped:</td><td>7/1/0</td>
</tr><tr>
<td>Started on:</td><td>Thu Jun 22 13:59:39 IST 2023</td>
</tr>
<tr><td>Total time:</td><td>28 seconds (28037 ms)</td>
</tr><tr>
<td>Included groups:</td><td></td>
</tr><tr>
<td>Excluded groups:</td><td></td>
</tr>
</table><p/>
<small><i>(Hover the method name to see the test class name)</i></small><p/>
<table width='100%' border='1' class='invocation-failed'>
<tr><td colspan='4' align='center'><b>FAILED TESTS</b></td></tr>
<tr><td><b>Test method</b></td>
<td width="30%"><b>Exception</b></td>
<td width="10%"><b>Time (seconds)</b></td>
<td><b>Instance</b></td>
</tr>
<tr>
<td title='Operation.BaseClass.readtestsuiteandexecutetestcase()'><b>readtestsuiteandexecutetestcase</b><br>Test class: Operation.BaseClass<br>Parameters: VERIFY_SUCESSFULLY_LOGIN, Y, Regression</td>
<td><div><pre>java.lang.AssertionError: null
	at com.tf.excel.readsheet_task.transaction(readsheet_task.java:137)
	at com.tf.excel.readsheet_task.readtask_assheet(readsheet_task.java:111)
	at Operation.UI_Operation.perfrom(UI_Operation.java:47)
	at com.tf.excel.readsheet_task.transaction(readsheet_task.java:132)
	at com.tf.excel.readsheet_task.readtask_assheet(readsheet_task.java:111)
	at Operation.BaseClass.readtestsuiteandexecutetestcase(BaseClass.java:55)
... Removed 26 stack frames</pre></div><a href='#' onClick='toggleBox("stack-trace306016343", this, "Click to show all stack frames", "Click to hide stack frames")'>Click to show all stack frames</a>
<div class='stack-trace' id='stack-trace306016343'><pre>java.lang.AssertionError: null
	at org.testng.Assert.fail(Assert.java:94)
	at org.testng.Assert.fail(Assert.java:101)
	at com.tf.excel.readsheet_task.transaction(readsheet_task.java:137)
	at com.tf.excel.readsheet_task.readtask_assheet(readsheet_task.java:111)
	at Operation.UI_Operation.perfrom(UI_Operation.java:47)
	at com.tf.excel.readsheet_task.transaction(readsheet_task.java:132)
	at com.tf.excel.readsheet_task.readtask_assheet(readsheet_task.java:111)
	at Operation.BaseClass.readtestsuiteandexecutetestcase(BaseClass.java:55)
	at java.base/jdk.internal.reflect.NativeMethodAccessorImpl.invoke0(Native Method)
	at java.base/jdk.internal.reflect.NativeMethodAccessorImpl.invoke(NativeMethodAccessorImpl.java:77)
	at java.base/jdk.internal.reflect.DelegatingMethodAccessorImpl.invoke(DelegatingMethodAccessorImpl.java:43)
	at java.base/java.lang.reflect.Method.invoke(Method.java:568)
	at org.testng.internal.MethodInvocationHelper.invokeMethod(MethodInvocationHelper.java:80)
	at org.testng.internal.Invoker.invokeMethod(Invoker.java:714)
	at org.testng.internal.Invoker.invokeTestMethod(Invoker.java:901)
	at org.testng.internal.Invoker.invokeTestMethods(Invoker.java:1231)
	at org.testng.internal.TestMethodWorker.invokeTestMethods(TestMethodWorker.java:127)
	at org.testng.internal.TestMethodWorker.run(TestMethodWorker.java:111)
	at org.testng.TestRunner.privateRun(TestRunner.java:767)
	at org.testng.TestRunner.run(TestRunner.java:617)
	at org.testng.SuiteRunner.runTest(SuiteRunner.java:334)
	at org.testng.SuiteRunner.runSequentially(SuiteRunner.java:329)
	at org.testng.SuiteRunner.privateRun(SuiteRunner.java:291)
	at org.testng.SuiteRunner.run(SuiteRunner.java:240)
	at org.testng.SuiteRunnerWorker.runSuite(SuiteRunnerWorker.java:52)
	at org.testng.SuiteRunnerWorker.run(SuiteRunnerWorker.java:86)
	at org.testng.TestNG.runSuitesSequentially(TestNG.java:1198)
	at org.testng.TestNG.runSuitesLocally(TestNG.java:1123)
	at org.testng.TestNG.run(TestNG.java:1031)
	at org.testng.remote.AbstractRemoteTestNG.run(AbstractRemoteTestNG.java:115)
	at org.testng.remote.RemoteTestNG.initAndRun(RemoteTestNG.java:251)
	at org.testng.remote.RemoteTestNG.main(RemoteTestNG.java:77)
</pre></div></td>
<td>3</td>
<td>Operation.BaseClass@68c9133c</td></tr>
</table><p>
<table width='100%' border='1' class='invocation-passed'>
<tr><td colspan='4' align='center'><b>PASSED TESTS</b></td></tr>
<tr><td><b>Test method</b></td>
<td width="30%"><b>Exception</b></td>
<td width="10%"><b>Time (seconds)</b></td>
<td><b>Instance</b></td>
</tr>
<tr>
<td title='Operation.BaseClass.readtestsuiteandexecutetestcase()'><b>readtestsuiteandexecutetestcase</b><br>Test class: Operation.BaseClass<br>Parameters: VERIFY_INVALID_LOGIN_MESSAGE, Y, Regression</td>
<td></td>
<td>8</td>
<td>Operation.BaseClass@68c9133c</td></tr>
<tr>
<td title='Operation.BaseClass.readtestsuiteandexecutetestcase()'><b>readtestsuiteandexecutetestcase</b><br>Test class: Operation.BaseClass<br>Parameters: VERIFY_CART_WITHOUT_PRODUCT, Y, Smoke</td>
<td></td>
<td>0</td>
<td>Operation.BaseClass@68c9133c</td></tr>
<tr>
<td title='Operation.BaseClass.readtestsuiteandexecutetestcase()'><b>readtestsuiteandexecutetestcase</b><br>Test class: Operation.BaseClass<br>Parameters: ADD_PRODUCT_AND_VERIFY, Y, Regression</td>
<td></td>
<td>15</td>
<td>Operation.BaseClass@68c9133c</td></tr>
<tr>
<td title='Operation.BaseClass.readtestsuiteandexecutetestcase()'><b>readtestsuiteandexecutetestcase</b><br>Test class: Operation.BaseClass<br>Parameters: SEARCH_VEG, N, Smoke</td>
<td></td>
<td>0</td>
<td>Operation.BaseClass@68c9133c</td></tr>
<tr>
<td title='Operation.BaseClass.readtestsuiteandexecutetestcase()'><b>readtestsuiteandexecutetestcase</b><br>Test class: Operation.BaseClass<br>Parameters: SEARCH_VEG_AND_ORDER, N, Smoke</td>
<td></td>
<td>0</td>
<td>Operation.BaseClass@68c9133c</td></tr>
<tr>
<td title='Operation.BaseClass.readtestsuiteandexecutetestcase()'><b>readtestsuiteandexecutetestcase</b><br>Test class: Operation.BaseClass<br>Parameters: VERIFY_TOP_DEALS_LINK, N, Smoke</td>
<td></td>
<td>0</td>
<td>Operation.BaseClass@68c9133c</td></tr>
<tr>
<td title='Operation.BaseClass.readtestsuiteandexecutetestcase()'><b>readtestsuiteandexecutetestcase</b><br>Test class: Operation.BaseClass<br>Parameters: VERIFY_QUAN_PRICE_TOTAL_ORDER, N, Smoke</td>
<td></td>
<td>0</td>
<td>Operation.BaseClass@68c9133c</td></tr>
</table><p>
</body>
</html>