<?xml version="1.0" encoding="UTF-8"?>
<!-- Generated by org.testng.reporters.JUnitXMLReporter -->
<testsuite hostname="LAPTOP-VN1CB8H2" failures="2" tests="8" name="Test" time="24.153" errors="0" timestamp="22 Jun 2023 08:31:22 GMT">
  <testcase classname="Operation.BaseClass" name="readtestsuiteandexecutetestcase" time="3.609">
    <failure type="java.lang.AssertionError" message="null">
      <![CDATA[java.lang.AssertionError: null
	at com.tf.excel.readsheet_task.transaction(readsheet_task.java:137)
	at com.tf.excel.readsheet_task.readtask_assheet(readsheet_task.java:111)
	at Operation.BaseClass.readtestsuiteandexecutetestcase(BaseClass.java:55)
	at org.apache.maven.surefire.testng.TestNGExecutor.run(TestNGExecutor.java:308)
	at org.apache.maven.surefire.testng.TestNGXmlTestSuite.execute(TestNGXmlTestSuite.java:71)
	at org.apache.maven.surefire.testng.TestNGProvider.invoke(TestNGProvider.java:113)
	at org.apache.maven.surefire.booter.ForkedBooter.runSuitesInProcess(ForkedBooter.java:385)
	at org.apache.maven.surefire.booter.ForkedBooter.execute(ForkedBooter.java:162)
	at org.apache.maven.surefire.booter.ForkedBooter.run(ForkedBooter.java:507)
	at org.apache.maven.surefire.booter.ForkedBooter.main(ForkedBooter.java:495)
... Removed 23 stack frames]]>
    </failure>
  </testcase> <!-- readtestsuiteandexecutetestcase -->
  <testcase classname="Operation.BaseClass" name="readtestsuiteandexecutetestcase" time="3.032">
    <failure type="java.lang.AssertionError" message="null">
      <![CDATA[java.lang.AssertionError: null
	at com.tf.excel.readsheet_task.transaction(readsheet_task.java:137)
	at com.tf.excel.readsheet_task.readtask_assheet(readsheet_task.java:111)
	at Operation.UI_Operation.perfrom(UI_Operation.java:47)
	at com.tf.excel.readsheet_task.transaction(readsheet_task.java:132)
	at com.tf.excel.readsheet_task.readtask_assheet(readsheet_task.java:111)
	at Operation.BaseClass.readtestsuiteandexecutetestcase(BaseClass.java:55)
	at org.apache.maven.surefire.testng.TestNGExecutor.run(TestNGExecutor.java:308)
	at org.apache.maven.surefire.testng.TestNGXmlTestSuite.execute(TestNGXmlTestSuite.java:71)
	at org.apache.maven.surefire.testng.TestNGProvider.invoke(TestNGProvider.java:113)
	at org.apache.maven.surefire.booter.ForkedBooter.runSuitesInProcess(ForkedBooter.java:385)
	at org.apache.maven.surefire.booter.ForkedBooter.execute(ForkedBooter.java:162)
	at org.apache.maven.surefire.booter.ForkedBooter.run(ForkedBooter.java:507)
	at org.apache.maven.surefire.booter.ForkedBooter.main(ForkedBooter.java:495)
... Removed 23 stack frames]]>
    </failure>
  </testcase> <!-- readtestsuiteandexecutetestcase -->
  <testcase classname="Operation.BaseClass" name="readtestsuiteandexecutetestcase" time="0.002"/>
  <testcase classname="Operation.BaseClass" name="readtestsuiteandexecutetestcase" time="15.717"/>
  <testcase classname="Operation.BaseClass" name="readtestsuiteandexecutetestcase" time="0.001"/>
  <testcase classname="Operation.BaseClass" name="readtestsuiteandexecutetestcase" time="0.0"/>
  <testcase classname="Operation.BaseClass" name="readtestsuiteandexecutetestcase" time="0.001"/>
  <testcase classname="Operation.BaseClass" name="readtestsuiteandexecutetestcase" time="0.0"/>
</testsuite> <!-- Test -->
