<!DOCTYPE html>

<html>
  <head>
  <title>TestNG reports</title>

    <link type="text/css" href="testng-reports.css" rel="stylesheet" />  
    <script type="text/javascript" src="jquery-1.7.1.min.js"></script>
    <script type="text/javascript" src="testng-reports.js"></script>
    <script type="text/javascript" src="https://www.google.com/jsapi"></script>
    <script type='text/javascript'>
      google.load('visualization', '1', {packages:['table']});
      google.setOnLoadCallback(drawTable);
      var suiteTableInitFunctions = new Array();
      var suiteTableData = new Array();
    </script>
    <!--
      <script type="text/javascript" src="jquery-ui/js/jquery-ui-1.8.16.custom.min.js"></script>
     -->
  </head>

  <body>
    <div class="top-banner-root">
      <span class="top-banner-title-font">Test results</span>
      <br/>
      <span class="top-banner-font-1">1 suite, 2 failed tests</span>
    </div> <!-- top-banner-root -->
    <div class="navigator-root">
      <div class="navigator-suite-header">
        <span>All suites</span>
        <a href="#" title="Collapse/expand all the suites" class="collapse-all-link">
          <img src="collapseall.gif" class="collapse-all-icon">
          </img> <!-- collapse-all-icon -->
        </a> <!-- collapse-all-link -->
      </div> <!-- navigator-suite-header -->
      <div class="suite">
        <div class="rounded-window">
          <div class="suite-header light-rounded-window-top">
            <a href="#" panel-name="suite-Suite" class="navigator-link">
              <span class="suite-name border-failed">Suite</span>
            </a> <!-- navigator-link -->
          </div> <!-- suite-header light-rounded-window-top -->
          <div class="navigator-suite-content">
            <div class="suite-section-title">
              <span>Info</span>
            </div> <!-- suite-section-title -->
            <div class="suite-section-content">
              <ul>
                <li>
                  <a href="#" panel-name="test-xml-Suite" class="navigator-link ">
                    <span>D:\NEW_SELENIUM\RAHULSHEETY_SELENIUM_WEB_BROWSER\testng.xml</span>
                  </a> <!-- navigator-link  -->
                </li>
                <li>
                  <a href="#" panel-name="testlist-Suite" class="navigator-link ">
                    <span class="test-stats">1 test</span>
                  </a> <!-- navigator-link  -->
                </li>
                <li>
                  <a href="#" panel-name="group-Suite" class="navigator-link ">
                    <span>0 groups</span>
                  </a> <!-- navigator-link  -->
                </li>
                <li>
                  <a href="#" panel-name="times-Suite" class="navigator-link ">
                    <span>Times</span>
                  </a> <!-- navigator-link  -->
                </li>
                <li>
                  <a href="#" panel-name="reporter-Suite" class="navigator-link ">
                    <span>Reporter output</span>
                  </a> <!-- navigator-link  -->
                </li>
                <li>
                  <a href="#" panel-name="ignored-methods-Suite" class="navigator-link ">
                    <span>Ignored methods</span>
                  </a> <!-- navigator-link  -->
                </li>
                <li>
                  <a href="#" panel-name="chronological-Suite" class="navigator-link ">
                    <span>Chronological view</span>
                  </a> <!-- navigator-link  -->
                </li>
              </ul>
            </div> <!-- suite-section-content -->
            <div class="result-section">
              <div class="suite-section-title">
                <span>Results</span>
              </div> <!-- suite-section-title -->
              <div class="suite-section-content">
                <ul>
                  <li>
                    <span class="method-stats">8 methods, 2 failed,   6 passed</span>
                  </li>
                  <li>
                    <span class="method-list-title failed">Failed methods</span>
                    <span class="show-or-hide-methods failed">
                      <a href="#" panel-name="suite-Suite" class="hide-methods failed suite-Suite"> (hide)</a> <!-- hide-methods failed suite-Suite -->
                      <a href="#" panel-name="suite-Suite" class="show-methods failed suite-Suite"> (show)</a> <!-- show-methods failed suite-Suite -->
                    </span>
                    <div class="method-list-content failed suite-Suite">
                      <span>
                        <img src="failed.png" width="3%"/>
                        <a href="#" panel-name="suite-Suite" title="Operation.BaseClass" class="method navigator-link" hash-for-method="readtestsuiteandexecutetestcase(VERIFY_INVALID_LOGIN_MESSAGE, Y, Regression)">readtestsuiteandexecutetestcase(VERIFY_INVALID_LOGIN_MESSAGE, Y, Regression)</a> <!-- method navigator-link -->
                      </span>
                      <br/>
                      <span>
                        <img src="failed.png" width="3%"/>
                        <a href="#" panel-name="suite-Suite" title="Operation.BaseClass" class="method navigator-link" hash-for-method="readtestsuiteandexecutetestcase(VERIFY_SUCESSFULLY_LOGIN, Y, Regression)">readtestsuiteandexecutetestcase(VERIFY_SUCESSFULLY_LOGIN, Y, Regression)</a> <!-- method navigator-link -->
                      </span>
                      <br/>
                    </div> <!-- method-list-content failed suite-Suite -->
                  </li>
                  <li>
                    <span class="method-list-title passed">Passed methods</span>
                    <span class="show-or-hide-methods passed">
                      <a href="#" panel-name="suite-Suite" class="hide-methods passed suite-Suite"> (hide)</a> <!-- hide-methods passed suite-Suite -->
                      <a href="#" panel-name="suite-Suite" class="show-methods passed suite-Suite"> (show)</a> <!-- show-methods passed suite-Suite -->
                    </span>
                    <div class="method-list-content passed suite-Suite">
                      <span>
                        <img src="passed.png" width="3%"/>
                        <a href="#" panel-name="suite-Suite" title="Operation.BaseClass" class="method navigator-link" hash-for-method="readtestsuiteandexecutetestcase(VERIFY_TOP_DEALS_LINK, N, Smoke)">readtestsuiteandexecutetestcase(VERIFY_TOP_DEALS_LINK, N, Smoke)</a> <!-- method navigator-link -->
                      </span>
                      <br/>
                      <span>
                        <img src="passed.png" width="3%"/>
                        <a href="#" panel-name="suite-Suite" title="Operation.BaseClass" class="method navigator-link" hash-for-method="readtestsuiteandexecutetestcase(SEARCH_VEG, N, Smoke)">readtestsuiteandexecutetestcase(SEARCH_VEG, N, Smoke)</a> <!-- method navigator-link -->
                      </span>
                      <br/>
                      <span>
                        <img src="passed.png" width="3%"/>
                        <a href="#" panel-name="suite-Suite" title="Operation.BaseClass" class="method navigator-link" hash-for-method="readtestsuiteandexecutetestcase(VERIFY_CART_WITHOUT_PRODUCT, Y, Smoke)">readtestsuiteandexecutetestcase(VERIFY_CART_WITHOUT_PRODUCT, Y, Smoke)</a> <!-- method navigator-link -->
                      </span>
                      <br/>
                      <span>
                        <img src="passed.png" width="3%"/>
                        <a href="#" panel-name="suite-Suite" title="Operation.BaseClass" class="method navigator-link" hash-for-method="readtestsuiteandexecutetestcase(VERIFY_QUAN_PRICE_TOTAL_ORDER, N, Smoke)">readtestsuiteandexecutetestcase(VERIFY_QUAN_PRICE_TOTAL_ORDER, N, Smoke)</a> <!-- method navigator-link -->
                      </span>
                      <br/>
                      <span>
                        <img src="passed.png" width="3%"/>
                        <a href="#" panel-name="suite-Suite" title="Operation.BaseClass" class="method navigator-link" hash-for-method="readtestsuiteandexecutetestcase(SEARCH_VEG_AND_ORDER, N, Smoke)">readtestsuiteandexecutetestcase(SEARCH_VEG_AND_ORDER, N, Smoke)</a> <!-- method navigator-link -->
                      </span>
                      <br/>
                      <span>
                        <img src="passed.png" width="3%"/>
                        <a href="#" panel-name="suite-Suite" title="Operation.BaseClass" class="method navigator-link" hash-for-method="readtestsuiteandexecutetestcase(ADD_PRODUCT_AND_VERIFY, Y, Regression)">readtestsuiteandexecutetestcase(ADD_PRODUCT_AND_VERIFY, Y, Regression)</a> <!-- method navigator-link -->
                      </span>
                      <br/>
                    </div> <!-- method-list-content passed suite-Suite -->
                  </li>
                </ul>
              </div> <!-- suite-section-content -->
            </div> <!-- result-section -->
          </div> <!-- navigator-suite-content -->
        </div> <!-- rounded-window -->
      </div> <!-- suite -->
    </div> <!-- navigator-root -->
    <div class="wrapper">
      <div class="main-panel-root">
        <div panel-name="suite-Suite" class="panel Suite">
          <div class="suite-Suite-class-failed">
            <div class="main-panel-header rounded-window-top">
              <img src="failed.png"/>
              <span class="class-name">Operation.BaseClass</span>
            </div> <!-- main-panel-header rounded-window-top -->
            <div class="main-panel-content rounded-window-bottom">
              <div class="method">
                <div class="method-content">
                  <a name="readtestsuiteandexecutetestcase(VERIFY_INVALID_LOGIN_MESSAGE, Y, Regression)">
                  </a> <!-- readtestsuiteandexecutetestcase(VERIFY_INVALID_LOGIN_MESSAGE, Y, Regression) -->
                  <span class="method-name">readtestsuiteandexecutetestcase</span>
                  <span class="parameters">(VERIFY_INVALID_LOGIN_MESSAGE, Y, Regression)</span>
                  <div class="stack-trace"><b>"java.lang.AssertionError: null
	at com.tf.excel.readsheet_task.transaction(readsheet_task.java:137)
	at com.tf.excel.readsheet_task.readtask_assheet(readsheet_task.java:111)
	at Operation.BaseClass.readtestsuiteandexecutetestcase(BaseClass.java:55)
	at org.apache.maven.surefire.testng.TestNGExecutor.run(TestNGExecutor.java:308)
	at org.apache.maven.surefire.testng.TestNGXmlTestSuite.execute(TestNGXmlTestSuite.java:71)
	at org.apache.maven.surefire.testng.TestNGProvider.invoke(TestNGProvider.java:113)
	at org.apache.maven.surefire.booter.ForkedBooter.runSuitesInProcess(ForkedBooter.java:385)
	at org.apache.maven.surefire.booter.ForkedBooter.execute(ForkedBooter.java:162)
	at org.apache.maven.surefire.booter.ForkedBooter.run(ForkedBooter.java:507)
	at org.apache.maven.surefire.booter.ForkedBooter.main(ForkedBooter.java:495)
... Removed 23 stack frames<br/> java.lang.AssertionError: null
	at org.testng.Assert.fail(Assert.java:94)
	at org.testng.Assert.fail(Assert.java:101)
	at com.tf.excel.readsheet_task.transaction(readsheet_task.java:137)
	at com.tf.excel.readsheet_task.readtask_assheet(readsheet_task.java:111)
	at Operation.BaseClass.readtestsuiteandexecutetestcase(BaseClass.java:55)
	at java.base/jdk.internal.reflect.NativeMethodAccessorImpl.invoke0(Native Method)
	at java.base/jdk.internal.reflect.NativeMethodAccessorImpl.invoke(NativeMethodAccessorImpl.java:77)
	at java.base/jdk.internal.reflect.DelegatingMethodAccessorImpl.invoke(DelegatingMethodAccessorImpl.java:43)
	at java.base/java.lang.reflect.Method.invoke(Method.java:568)
	at org.testng.internal.MethodInvocationHelper.invokeMethod(MethodInvocationHelper.java:80)
	at org.testng.internal.Invoker.invokeMethod(Invoker.java:714)
	at org.testng.internal.Invoker.invokeTestMethod(Invoker.java:901)
	at org.testng.internal.Invoker.invokeTestMethods(Invoker.java:1231)
	at org.testng.internal.TestMethodWorker.invokeTestMethods(TestMethodWorker.java:127)
	at org.testng.internal.TestMethodWorker.run(TestMethodWorker.java:111)
	at org.testng.TestRunner.privateRun(TestRunner.java:767)
	at org.testng.TestRunner.run(TestRunner.java:617)
	at org.testng.SuiteRunner.runTest(SuiteRunner.java:334)
	at org.testng.SuiteRunner.runSequentially(SuiteRunner.java:329)
	at org.testng.SuiteRunner.privateRun(SuiteRunner.java:291)
	at org.testng.SuiteRunner.run(SuiteRunner.java:240)
	at org.testng.SuiteRunnerWorker.runSuite(SuiteRunnerWorker.java:52)
	at org.testng.SuiteRunnerWorker.run(SuiteRunnerWorker.java:86)
	at org.testng.TestNG.runSuitesSequentially(TestNG.java:1198)
	at org.testng.TestNG.runSuitesLocally(TestNG.java:1123)
	at org.testng.TestNG.run(TestNG.java:1031)
	at org.apache.maven.surefire.testng.TestNGExecutor.run(TestNGExecutor.java:308)
	at org.apache.maven.surefire.testng.TestNGXmlTestSuite.execute(TestNGXmlTestSuite.java:71)
	at org.apache.maven.surefire.testng.TestNGProvider.invoke(TestNGProvider.java:113)
	at org.apache.maven.surefire.booter.ForkedBooter.runSuitesInProcess(ForkedBooter.java:385)
	at org.apache.maven.surefire.booter.ForkedBooter.execute(ForkedBooter.java:162)
	at org.apache.maven.surefire.booter.ForkedBooter.run(ForkedBooter.java:507)
	at org.apache.maven.surefire.booter.ForkedBooter.main(ForkedBooter.java:495)
"</b><br>org.testng.Assert.fail(Assert.java:94)<br>org.testng.Assert.fail(Assert.java:101)<br>com.tf.excel.readsheet_task.transaction(readsheet_task.java:137)<br>com.tf.excel.readsheet_task.readtask_assheet(readsheet_task.java:111)<br>Operation.BaseClass.readtestsuiteandexecutetestcase(BaseClass.java:55)<br>java.base/jdk.internal.reflect.NativeMethodAccessorImpl.invoke0(Native Method)<br>java.base/jdk.internal.reflect.NativeMethodAccessorImpl.invoke(NativeMethodAccessorImpl.java:77)<br>java.base/jdk.internal.reflect.DelegatingMethodAccessorImpl.invoke(DelegatingMethodAccessorImpl.java:43)<br>java.base/java.lang.reflect.Method.invoke(Method.java:568)<br>org.testng.internal.MethodInvocationHelper.invokeMethod(MethodInvocationHelper.java:80)<br>org.testng.internal.Invoker.invokeMethod(Invoker.java:714)<br>org.testng.internal.Invoker.invokeTestMethod(Invoker.java:901)<br>org.testng.internal.Invoker.invokeTestMethods(Invoker.java:1231)<br>org.testng.internal.TestMethodWorker.invokeTestMethods(TestMethodWorker.java:127)<br>org.testng.internal.TestMethodWorker.run(TestMethodWorker.java:111)<br>org.testng.TestRunner.privateRun(TestRunner.java:767)<br>org.testng.TestRunner.run(TestRunner.java:617)<br>org.testng.SuiteRunner.runTest(SuiteRunner.java:334)<br>org.testng.SuiteRunner.runSequentially(SuiteRunner.java:329)<br>org.testng.SuiteRunner.privateRun(SuiteRunner.java:291)<br>org.testng.SuiteRunner.run(SuiteRunner.java:240)<br>org.testng.SuiteRunnerWorker.runSuite(SuiteRunnerWorker.java:52)<br>org.testng.SuiteRunnerWorker.run(SuiteRunnerWorker.java:86)<br>org.testng.TestNG.runSuitesSequentially(TestNG.java:1198)<br>org.testng.TestNG.runSuitesLocally(TestNG.java:1123)<br>org.testng.TestNG.run(TestNG.java:1031)<br>org.apache.maven.surefire.testng.TestNGExecutor.run(TestNGExecutor.java:308)<br>org.apache.maven.surefire.testng.TestNGXmlTestSuite.execute(TestNGXmlTestSuite.java:71)<br>org.apache.maven.surefire.testng.TestNGProvider.invoke(TestNGProvider.java:113)<br>org.apache.maven.surefire.booter.ForkedBooter.runSuitesInProcess(ForkedBooter.java:385)<br>org.apache.maven.surefire.booter.ForkedBooter.execute(ForkedBooter.java:162)<br>org.apache.maven.surefire.booter.ForkedBooter.run(ForkedBooter.java:507)<br>org.apache.maven.surefire.booter.ForkedBooter.main(ForkedBooter.java:495)<br>
</div> <!-- stack-trace -->
                </div> <!-- method-content -->
              </div> <!-- method -->
              <div class="method">
                <div class="method-content">
                  <a name="readtestsuiteandexecutetestcase(VERIFY_SUCESSFULLY_LOGIN, Y, Regression)">
                  </a> <!-- readtestsuiteandexecutetestcase(VERIFY_SUCESSFULLY_LOGIN, Y, Regression) -->
                  <span class="method-name">readtestsuiteandexecutetestcase</span>
                  <span class="parameters">(VERIFY_SUCESSFULLY_LOGIN, Y, Regression)</span>
                  <div class="stack-trace"><b>"java.lang.AssertionError: null
	at com.tf.excel.readsheet_task.transaction(readsheet_task.java:137)
	at com.tf.excel.readsheet_task.readtask_assheet(readsheet_task.java:111)
	at Operation.UI_Operation.perfrom(UI_Operation.java:47)
	at com.tf.excel.readsheet_task.transaction(readsheet_task.java:132)
	at com.tf.excel.readsheet_task.readtask_assheet(readsheet_task.java:111)
	at Operation.BaseClass.readtestsuiteandexecutetestcase(BaseClass.java:55)
	at org.apache.maven.surefire.testng.TestNGExecutor.run(TestNGExecutor.java:308)
	at org.apache.maven.surefire.testng.TestNGXmlTestSuite.execute(TestNGXmlTestSuite.java:71)
	at org.apache.maven.surefire.testng.TestNGProvider.invoke(TestNGProvider.java:113)
	at org.apache.maven.surefire.booter.ForkedBooter.runSuitesInProcess(ForkedBooter.java:385)
	at org.apache.maven.surefire.booter.ForkedBooter.execute(ForkedBooter.java:162)
	at org.apache.maven.surefire.booter.ForkedBooter.run(ForkedBooter.java:507)
	at org.apache.maven.surefire.booter.ForkedBooter.main(ForkedBooter.java:495)
... Removed 23 stack frames<br/> java.lang.AssertionError: null
	at org.testng.Assert.fail(Assert.java:94)
	at org.testng.Assert.fail(Assert.java:101)
	at com.tf.excel.readsheet_task.transaction(readsheet_task.java:137)
	at com.tf.excel.readsheet_task.readtask_assheet(readsheet_task.java:111)
	at Operation.UI_Operation.perfrom(UI_Operation.java:47)
	at com.tf.excel.readsheet_task.transaction(readsheet_task.java:132)
	at com.tf.excel.readsheet_task.readtask_assheet(readsheet_task.java:111)
	at Operation.BaseClass.readtestsuiteandexecutetestcase(BaseClass.java:55)
	at java.base/jdk.internal.reflect.NativeMethodAccessorImpl.invoke0(Native Method)
	at java.base/jdk.internal.reflect.NativeMethodAccessorImpl.invoke(NativeMethodAccessorImpl.java:77)
	at java.base/jdk.internal.reflect.DelegatingMethodAccessorImpl.invoke(DelegatingMethodAccessorImpl.java:43)
	at java.base/java.lang.reflect.Method.invoke(Method.java:568)
	at org.testng.internal.MethodInvocationHelper.invokeMethod(MethodInvocationHelper.java:80)
	at org.testng.internal.Invoker.invokeMethod(Invoker.java:714)
	at org.testng.internal.Invoker.invokeTestMethod(Invoker.java:901)
	at org.testng.internal.Invoker.invokeTestMethods(Invoker.java:1231)
	at org.testng.internal.TestMethodWorker.invokeTestMethods(TestMethodWorker.java:127)
	at org.testng.internal.TestMethodWorker.run(TestMethodWorker.java:111)
	at org.testng.TestRunner.privateRun(TestRunner.java:767)
	at org.testng.TestRunner.run(TestRunner.java:617)
	at org.testng.SuiteRunner.runTest(SuiteRunner.java:334)
	at org.testng.SuiteRunner.runSequentially(SuiteRunner.java:329)
	at org.testng.SuiteRunner.privateRun(SuiteRunner.java:291)
	at org.testng.SuiteRunner.run(SuiteRunner.java:240)
	at org.testng.SuiteRunnerWorker.runSuite(SuiteRunnerWorker.java:52)
	at org.testng.SuiteRunnerWorker.run(SuiteRunnerWorker.java:86)
	at org.testng.TestNG.runSuitesSequentially(TestNG.java:1198)
	at org.testng.TestNG.runSuitesLocally(TestNG.java:1123)
	at org.testng.TestNG.run(TestNG.java:1031)
	at org.apache.maven.surefire.testng.TestNGExecutor.run(TestNGExecutor.java:308)
	at org.apache.maven.surefire.testng.TestNGXmlTestSuite.execute(TestNGXmlTestSuite.java:71)
	at org.apache.maven.surefire.testng.TestNGProvider.invoke(TestNGProvider.java:113)
	at org.apache.maven.surefire.booter.ForkedBooter.runSuitesInProcess(ForkedBooter.java:385)
	at org.apache.maven.surefire.booter.ForkedBooter.execute(ForkedBooter.java:162)
	at org.apache.maven.surefire.booter.ForkedBooter.run(ForkedBooter.java:507)
	at org.apache.maven.surefire.booter.ForkedBooter.main(ForkedBooter.java:495)
"</b><br>org.testng.Assert.fail(Assert.java:94)<br>org.testng.Assert.fail(Assert.java:101)<br>com.tf.excel.readsheet_task.transaction(readsheet_task.java:137)<br>com.tf.excel.readsheet_task.readtask_assheet(readsheet_task.java:111)<br>Operation.UI_Operation.perfrom(UI_Operation.java:47)<br>com.tf.excel.readsheet_task.transaction(readsheet_task.java:132)<br>com.tf.excel.readsheet_task.readtask_assheet(readsheet_task.java:111)<br>Operation.BaseClass.readtestsuiteandexecutetestcase(BaseClass.java:55)<br>java.base/jdk.internal.reflect.NativeMethodAccessorImpl.invoke0(Native Method)<br>java.base/jdk.internal.reflect.NativeMethodAccessorImpl.invoke(NativeMethodAccessorImpl.java:77)<br>java.base/jdk.internal.reflect.DelegatingMethodAccessorImpl.invoke(DelegatingMethodAccessorImpl.java:43)<br>java.base/java.lang.reflect.Method.invoke(Method.java:568)<br>org.testng.internal.MethodInvocationHelper.invokeMethod(MethodInvocationHelper.java:80)<br>org.testng.internal.Invoker.invokeMethod(Invoker.java:714)<br>org.testng.internal.Invoker.invokeTestMethod(Invoker.java:901)<br>org.testng.internal.Invoker.invokeTestMethods(Invoker.java:1231)<br>org.testng.internal.TestMethodWorker.invokeTestMethods(TestMethodWorker.java:127)<br>org.testng.internal.TestMethodWorker.run(TestMethodWorker.java:111)<br>org.testng.TestRunner.privateRun(TestRunner.java:767)<br>org.testng.TestRunner.run(TestRunner.java:617)<br>org.testng.SuiteRunner.runTest(SuiteRunner.java:334)<br>org.testng.SuiteRunner.runSequentially(SuiteRunner.java:329)<br>org.testng.SuiteRunner.privateRun(SuiteRunner.java:291)<br>org.testng.SuiteRunner.run(SuiteRunner.java:240)<br>org.testng.SuiteRunnerWorker.runSuite(SuiteRunnerWorker.java:52)<br>org.testng.SuiteRunnerWorker.run(SuiteRunnerWorker.java:86)<br>org.testng.TestNG.runSuitesSequentially(TestNG.java:1198)<br>org.testng.TestNG.runSuitesLocally(TestNG.java:1123)<br>org.testng.TestNG.run(TestNG.java:1031)<br>org.apache.maven.surefire.testng.TestNGExecutor.run(TestNGExecutor.java:308)<br>org.apache.maven.surefire.testng.TestNGXmlTestSuite.execute(TestNGXmlTestSuite.java:71)<br>org.apache.maven.surefire.testng.TestNGProvider.invoke(TestNGProvider.java:113)<br>org.apache.maven.surefire.booter.ForkedBooter.runSuitesInProcess(ForkedBooter.java:385)<br>org.apache.maven.surefire.booter.ForkedBooter.execute(ForkedBooter.java:162)<br>org.apache.maven.surefire.booter.ForkedBooter.run(ForkedBooter.java:507)<br>org.apache.maven.surefire.booter.ForkedBooter.main(ForkedBooter.java:495)<br>
</div> <!-- stack-trace -->
                </div> <!-- method-content -->
              </div> <!-- method -->
            </div> <!-- main-panel-content rounded-window-bottom -->
          </div> <!-- suite-Suite-class-failed -->
          <div class="suite-Suite-class-passed">
            <div class="main-panel-header rounded-window-top">
              <img src="passed.png"/>
              <span class="class-name">Operation.BaseClass</span>
            </div> <!-- main-panel-header rounded-window-top -->
            <div class="main-panel-content rounded-window-bottom">
              <div class="method">
                <div class="method-content">
                  <a name="readtestsuiteandexecutetestcase(VERIFY_TOP_DEALS_LINK, N, Smoke)">
                  </a> <!-- readtestsuiteandexecutetestcase(VERIFY_TOP_DEALS_LINK, N, Smoke) -->
                  <span class="method-name">readtestsuiteandexecutetestcase</span>
                  <span class="parameters">(VERIFY_TOP_DEALS_LINK, N, Smoke)</span>
                </div> <!-- method-content -->
              </div> <!-- method -->
              <div class="method">
                <div class="method-content">
                  <a name="readtestsuiteandexecutetestcase(SEARCH_VEG, N, Smoke)">
                  </a> <!-- readtestsuiteandexecutetestcase(SEARCH_VEG, N, Smoke) -->
                  <span class="method-name">readtestsuiteandexecutetestcase</span>
                  <span class="parameters">(SEARCH_VEG, N, Smoke)</span>
                </div> <!-- method-content -->
              </div> <!-- method -->
              <div class="method">
                <div class="method-content">
                  <a name="readtestsuiteandexecutetestcase(VERIFY_CART_WITHOUT_PRODUCT, Y, Smoke)">
                  </a> <!-- readtestsuiteandexecutetestcase(VERIFY_CART_WITHOUT_PRODUCT, Y, Smoke) -->
                  <span class="method-name">readtestsuiteandexecutetestcase</span>
                  <span class="parameters">(VERIFY_CART_WITHOUT_PRODUCT, Y, Smoke)</span>
                </div> <!-- method-content -->
              </div> <!-- method -->
              <div class="method">
                <div class="method-content">
                  <a name="readtestsuiteandexecutetestcase(VERIFY_QUAN_PRICE_TOTAL_ORDER, N, Smoke)">
                  </a> <!-- readtestsuiteandexecutetestcase(VERIFY_QUAN_PRICE_TOTAL_ORDER, N, Smoke) -->
                  <span class="method-name">readtestsuiteandexecutetestcase</span>
                  <span class="parameters">(VERIFY_QUAN_PRICE_TOTAL_ORDER, N, Smoke)</span>
                </div> <!-- method-content -->
              </div> <!-- method -->
              <div class="method">
                <div class="method-content">
                  <a name="readtestsuiteandexecutetestcase(SEARCH_VEG_AND_ORDER, N, Smoke)">
                  </a> <!-- readtestsuiteandexecutetestcase(SEARCH_VEG_AND_ORDER, N, Smoke) -->
                  <span class="method-name">readtestsuiteandexecutetestcase</span>
                  <span class="parameters">(SEARCH_VEG_AND_ORDER, N, Smoke)</span>
                </div> <!-- method-content -->
              </div> <!-- method -->
              <div class="method">
                <div class="method-content">
                  <a name="readtestsuiteandexecutetestcase(ADD_PRODUCT_AND_VERIFY, Y, Regression)">
                  </a> <!-- readtestsuiteandexecutetestcase(ADD_PRODUCT_AND_VERIFY, Y, Regression) -->
                  <span class="method-name">readtestsuiteandexecutetestcase</span>
                  <span class="parameters">(ADD_PRODUCT_AND_VERIFY, Y, Regression)</span>
                </div> <!-- method-content -->
              </div> <!-- method -->
            </div> <!-- main-panel-content rounded-window-bottom -->
          </div> <!-- suite-Suite-class-passed -->
        </div> <!-- panel Suite -->
        <div panel-name="test-xml-Suite" class="panel">
          <div class="main-panel-header rounded-window-top">
            <span class="header-content">D:\NEW_SELENIUM\RAHULSHEETY_SELENIUM_WEB_BROWSER\testng.xml</span>
          </div> <!-- main-panel-header rounded-window-top -->
          <div class="main-panel-content rounded-window-bottom">
            <pre>
&lt;?xml version=&quot;1.0&quot; encoding=&quot;UTF-8&quot;?&gt;
&lt;!DOCTYPE suite SYSTEM &quot;http://testng.org/testng-1.0.dtd&quot;&gt;
&lt;suite parallel=&quot;none&quot; name=&quot;Suite&quot; verbose=&quot;0&quot;&gt;
  &lt;test thread-count=&quot;5&quot; name=&quot;Test&quot;&gt;
    &lt;classes&gt;
      &lt;class name=&quot;Operation.BaseClass&quot;/&gt;
    &lt;/classes&gt;
  &lt;/test&gt; &lt;!-- Test --&gt;
&lt;/suite&gt; &lt;!-- Suite --&gt;
            </pre>
          </div> <!-- main-panel-content rounded-window-bottom -->
        </div> <!-- panel -->
        <div panel-name="testlist-Suite" class="panel">
          <div class="main-panel-header rounded-window-top">
            <span class="header-content">Tests for Suite</span>
          </div> <!-- main-panel-header rounded-window-top -->
          <div class="main-panel-content rounded-window-bottom">
            <ul>
              <li>
                <span class="test-name">Test (1 class)</span>
              </li>
            </ul>
          </div> <!-- main-panel-content rounded-window-bottom -->
        </div> <!-- panel -->
        <div panel-name="group-Suite" class="panel">
          <div class="main-panel-header rounded-window-top">
            <span class="header-content">Groups for Suite</span>
          </div> <!-- main-panel-header rounded-window-top -->
          <div class="main-panel-content rounded-window-bottom">
          </div> <!-- main-panel-content rounded-window-bottom -->
        </div> <!-- panel -->
        <div panel-name="times-Suite" class="panel">
          <div class="main-panel-header rounded-window-top">
            <span class="header-content">Times for Suite</span>
          </div> <!-- main-panel-header rounded-window-top -->
          <div class="main-panel-content rounded-window-bottom">
            <div class="times-div">
              <script type="text/javascript">
suiteTableInitFunctions.push('tableData_Suite');
function tableData_Suite() {
var data = new google.visualization.DataTable();
data.addColumn('number', 'Number');
data.addColumn('string', 'Method');
data.addColumn('string', 'Class');
data.addColumn('number', 'Time (ms)');
data.addRows(8);
data.setCell(0, 0, 0)
data.setCell(0, 1, 'readtestsuiteandexecutetestcase')
data.setCell(0, 2, 'Operation.BaseClass')
data.setCell(0, 3, 15717);
data.setCell(1, 0, 1)
data.setCell(1, 1, 'readtestsuiteandexecutetestcase')
data.setCell(1, 2, 'Operation.BaseClass')
data.setCell(1, 3, 3609);
data.setCell(2, 0, 2)
data.setCell(2, 1, 'readtestsuiteandexecutetestcase')
data.setCell(2, 2, 'Operation.BaseClass')
data.setCell(2, 3, 3032);
data.setCell(3, 0, 3)
data.setCell(3, 1, 'readtestsuiteandexecutetestcase')
data.setCell(3, 2, 'Operation.BaseClass')
data.setCell(3, 3, 2);
data.setCell(4, 0, 4)
data.setCell(4, 1, 'readtestsuiteandexecutetestcase')
data.setCell(4, 2, 'Operation.BaseClass')
data.setCell(4, 3, 1);
data.setCell(5, 0, 5)
data.setCell(5, 1, 'readtestsuiteandexecutetestcase')
data.setCell(5, 2, 'Operation.BaseClass')
data.setCell(5, 3, 1);
data.setCell(6, 0, 6)
data.setCell(6, 1, 'readtestsuiteandexecutetestcase')
data.setCell(6, 2, 'Operation.BaseClass')
data.setCell(6, 3, 0);
data.setCell(7, 0, 7)
data.setCell(7, 1, 'readtestsuiteandexecutetestcase')
data.setCell(7, 2, 'Operation.BaseClass')
data.setCell(7, 3, 0);
window.suiteTableData['Suite']= { tableData: data, tableDiv: 'times-div-Suite'}
return data;
}
              </script>
              <span class="suite-total-time">Total running time: 22 seconds</span>
              <div id="times-div-Suite">
              </div> <!-- times-div-Suite -->
            </div> <!-- times-div -->
          </div> <!-- main-panel-content rounded-window-bottom -->
        </div> <!-- panel -->
        <div panel-name="reporter-Suite" class="panel">
          <div class="main-panel-header rounded-window-top">
            <span class="header-content">Reporter output for Suite</span>
          </div> <!-- main-panel-header rounded-window-top -->
          <div class="main-panel-content rounded-window-bottom">
          </div> <!-- main-panel-content rounded-window-bottom -->
        </div> <!-- panel -->
        <div panel-name="ignored-methods-Suite" class="panel">
          <div class="main-panel-header rounded-window-top">
            <span class="header-content">0 ignored methods</span>
          </div> <!-- main-panel-header rounded-window-top -->
          <div class="main-panel-content rounded-window-bottom">
          </div> <!-- main-panel-content rounded-window-bottom -->
        </div> <!-- panel -->
        <div panel-name="chronological-Suite" class="panel">
          <div class="main-panel-header rounded-window-top">
            <span class="header-content">Methods in chronological order</span>
          </div> <!-- main-panel-header rounded-window-top -->
          <div class="main-panel-content rounded-window-bottom">
            <div class="chronological-class">
              <div class="chronological-class-name">Operation.BaseClass</div> <!-- chronological-class-name -->
              <div class="configuration-test before">
                <span class="method-name">startreport</span>
                <span class="method-start">0 ms</span>
              </div> <!-- configuration-test before -->
              <div class="test-method">
                <img src="failed.png">
                </img>
                <span class="method-name">readtestsuiteandexecutetestcase(VERIFY_INVALID_LOGIN_MESSAGE, Y, Regression)</span>
                <span class="method-start">640 ms</span>
              </div> <!-- test-method -->
              <div class="configuration-method after">
                <span class="method-name">takeFailTestCaseScrrenShot([TestResult name=readtestsuiteandexecutetestcase status=FAILURE method=BaseClass.readtestsuiteandexe...)</span>
                <span class="method-start">4256 ms</span>
              </div> <!-- configuration-method after -->
              <div class="test-method">
                <img src="failed.png">
                </img>
                <span class="method-name">readtestsuiteandexecutetestcase(VERIFY_SUCESSFULLY_LOGIN, Y, Regression)</span>
                <span class="method-start">5008 ms</span>
              </div> <!-- test-method -->
              <div class="configuration-method after">
                <span class="method-name">takeFailTestCaseScrrenShot([TestResult name=readtestsuiteandexecutetestcase status=FAILURE method=BaseClass.readtestsuiteandexe...)</span>
                <span class="method-start">8041 ms</span>
              </div> <!-- configuration-method after -->
              <div class="test-method">
                <span class="method-name">readtestsuiteandexecutetestcase(VERIFY_CART_WITHOUT_PRODUCT, Y, Smoke)</span>
                <span class="method-start">8426 ms</span>
              </div> <!-- test-method -->
              <div class="configuration-method after">
                <span class="method-name">takeFailTestCaseScrrenShot([TestResult name=readtestsuiteandexecutetestcase status=SUCCESS method=BaseClass.readtestsuiteandexe...)</span>
                <span class="method-start">8429 ms</span>
              </div> <!-- configuration-method after -->
              <div class="test-method">
                <span class="method-name">readtestsuiteandexecutetestcase(ADD_PRODUCT_AND_VERIFY, Y, Regression)</span>
                <span class="method-start">8429 ms</span>
              </div> <!-- test-method -->
              <div class="configuration-method after">
                <span class="method-name">takeFailTestCaseScrrenShot([TestResult name=readtestsuiteandexecutetestcase status=SUCCESS method=BaseClass.readtestsuiteandexe...)</span>
                <span class="method-start">24147 ms</span>
              </div> <!-- configuration-method after -->
              <div class="test-method">
                <span class="method-name">readtestsuiteandexecutetestcase(SEARCH_VEG, N, Smoke)</span>
                <span class="method-start">24148 ms</span>
              </div> <!-- test-method -->
              <div class="configuration-method after">
                <span class="method-name">takeFailTestCaseScrrenShot([TestResult name=readtestsuiteandexecutetestcase status=SUCCESS method=BaseClass.readtestsuiteandexe...)</span>
                <span class="method-start">24149 ms</span>
              </div> <!-- configuration-method after -->
              <div class="test-method">
                <span class="method-name">readtestsuiteandexecutetestcase(SEARCH_VEG_AND_ORDER, N, Smoke)</span>
                <span class="method-start">24149 ms</span>
              </div> <!-- test-method -->
              <div class="configuration-method after">
                <span class="method-name">takeFailTestCaseScrrenShot([TestResult name=readtestsuiteandexecutetestcase status=SUCCESS method=BaseClass.readtestsuiteandexe...)</span>
                <span class="method-start">24149 ms</span>
              </div> <!-- configuration-method after -->
              <div class="test-method">
                <span class="method-name">readtestsuiteandexecutetestcase(VERIFY_TOP_DEALS_LINK, N, Smoke)</span>
                <span class="method-start">24149 ms</span>
              </div> <!-- test-method -->
              <div class="configuration-method after">
                <span class="method-name">takeFailTestCaseScrrenShot([TestResult name=readtestsuiteandexecutetestcase status=SUCCESS method=BaseClass.readtestsuiteandexe...)</span>
                <span class="method-start">24150 ms</span>
              </div> <!-- configuration-method after -->
              <div class="test-method">
                <span class="method-name">readtestsuiteandexecutetestcase(VERIFY_QUAN_PRICE_TOTAL_ORDER, N, Smoke)</span>
                <span class="method-start">24150 ms</span>
              </div> <!-- test-method -->
              <div class="configuration-method after">
                <span class="method-name">takeFailTestCaseScrrenShot([TestResult name=readtestsuiteandexecutetestcase status=SUCCESS method=BaseClass.readtestsuiteandexe...)</span>
                <span class="method-start">24150 ms</span>
              </div> <!-- configuration-method after -->
              <div class="configuration-suite after">
                <span class="method-name">suiteendactivity</span>
                <span class="method-start">24173 ms</span>
              </div> <!-- configuration-suite after -->
          </div> <!-- main-panel-content rounded-window-bottom -->
        </div> <!-- panel -->
      </div> <!-- main-panel-root -->
    </div> <!-- wrapper -->
  </body>
</html>
