<?xml version="1.0" encoding="UTF-8"?>
<!-- Generated by org.testng.reporters.JUnitReportReporter -->
<testsuite hostname="LAPTOP-VN1CB8H2" failures="0" tests="8" name="Operation.BaseClass" time="27.434" errors="1" timestamp="22 Jun 2023 08:30:09 GMT">
  <testcase classname="Operation.BaseClass" name="readtestsuiteandexecutetestcase" time="8.149"/>
  <testcase classname="Operation.BaseClass" name="readtestsuiteandexecutetestcase" time="0.004"/>
  <testcase classname="Operation.BaseClass" name="readtestsuiteandexecutetestcase" time="0.004"/>
  <testcase classname="Operation.BaseClass" name="readtestsuiteandexecutetestcase" time="0.428"/>
  <testcase classname="Operation.BaseClass" name="readtestsuiteandexecutetestcase" time="0.003"/>
  <testcase classname="Operation.BaseClass" name="readtestsuiteandexecutetestcase" time="15.805"/>
  <testcase classname="Operation.BaseClass" name="readtestsuiteandexecutetestcase" time="3.029">
    <error message="null" type="java.lang.AssertionError">
      <![CDATA[java.lang.AssertionError: null
	at org.testng.Assert.fail(Assert.java:94)
	at org.testng.Assert.fail(Assert.java:101)
	at com.tf.excel.readsheet_task.transaction(readsheet_task.java:137)
	at com.tf.excel.readsheet_task.readtask_assheet(readsheet_task.java:111)
	at Operation.UI_Operation.perfrom(UI_Operation.java:47)
	at com.tf.excel.readsheet_task.transaction(readsheet_task.java:132)
	at com.tf.excel.readsheet_task.readtask_assheet(readsheet_task.java:111)
	at Operation.BaseClass.readtestsuiteandexecutetestcase(BaseClass.java:55)
	at java.base/jdk.internal.reflect.NativeMethodAccessorImpl.invoke0(Native Method)
	at java.base/jdk.internal.reflect.NativeMethodAccessorImpl.invoke(NativeMethodAccessorImpl.java:77)
	at java.base/jdk.internal.reflect.DelegatingMethodAccessorImpl.invoke(DelegatingMethodAccessorImpl.java:43)
	at java.base/java.lang.reflect.Method.invoke(Method.java:568)
	at org.testng.internal.MethodInvocationHelper.invokeMethod(MethodInvocationHelper.java:80)
	at org.testng.internal.Invoker.invokeMethod(Invoker.java:714)
	at org.testng.internal.Invoker.invokeTestMethod(Invoker.java:901)
	at org.testng.internal.Invoker.invokeTestMethods(Invoker.java:1231)
	at org.testng.internal.TestMethodWorker.invokeTestMethods(TestMethodWorker.java:127)
	at org.testng.internal.TestMethodWorker.run(TestMethodWorker.java:111)
	at org.testng.TestRunner.privateRun(TestRunner.java:767)
	at org.testng.TestRunner.run(TestRunner.java:617)
	at org.testng.SuiteRunner.runTest(SuiteRunner.java:334)
	at org.testng.SuiteRunner.runSequentially(SuiteRunner.java:329)
	at org.testng.SuiteRunner.privateRun(SuiteRunner.java:291)
	at org.testng.SuiteRunner.run(SuiteRunner.java:240)
	at org.testng.SuiteRunnerWorker.runSuite(SuiteRunnerWorker.java:52)
	at org.testng.SuiteRunnerWorker.run(SuiteRunnerWorker.java:86)
	at org.testng.TestNG.runSuitesSequentially(TestNG.java:1198)
	at org.testng.TestNG.runSuitesLocally(TestNG.java:1123)
	at org.testng.TestNG.run(TestNG.java:1031)
	at org.testng.remote.AbstractRemoteTestNG.run(AbstractRemoteTestNG.java:115)
	at org.testng.remote.RemoteTestNG.initAndRun(RemoteTestNG.java:251)
	at org.testng.remote.RemoteTestNG.main(RemoteTestNG.java:77)
]]>
    </error>
  </testcase> <!-- readtestsuiteandexecutetestcase -->
  <testcase classname="Operation.BaseClass" name="readtestsuiteandexecutetestcase" time="0.012"/>
</testsuite> <!-- Operation.BaseClass -->
